🚀 Server is running on port 3000
🔗 CORS origins: http://localhost:8080, http://127.0.0.1:8080 checked
✅ Database connected successfully
✅ Database connected successfully
Executed query {
  text: 'SELECT id FROM wallets WHERE user_id = $1',
  duration: 2,
  rows: 2
}
Executed query {
  text: 'SELECT id, type, amount, currency, related_wallet_address, description, created_at FROM transaction_logs WHERE wallet_id = $1 ORDER BY created_at DESC',
  duration: 2,
  rows: 8
}
Executed query {
  text: 'SELECT id, wallet_address, balance, currency, is_active, created_at, updated_at FROM wallets WHERE user_id = $1',
  duration: 2,
  rows: 2
}
Executed query {
  text: 'SELECT id, wallet_address, balance, currency, is_active, created_at, updated_at FROM wallets WHERE user_id = $1',
  duration: 1,
  rows: 2
}
Executed query {
  text: 'SELECT id FROM wallets WHERE user_id = $1',
  duration: 1,
  rows: 2
}
Executed query {
  text: 'SELECT id, type, amount, currency, related_wallet_address, description, created_at FROM transaction_logs WHERE wallet_id = $1 ORDER BY created_at DESC',
  duration: 1,
  rows: 9
}
Executed query {
  text: 'SELECT id, wallet_address, balance, currency, is_active, created_at, updated_at FROM wallets WHERE user_id = $1',
  duration: 0,
  rows: 2
}
✅ Database connected successfully
Executed query {
  text: 'SELECT id FROM wallets WHERE user_id = $1',
  duration: 7,
  rows: 2
}
Executed query {
  text: 'SELECT id, type, amount, currency, related_wallet_address, description, created_at FROM transaction_logs WHERE wallet_id = $1 ORDER BY created_at DESC',
  duration: 14,
  rows: 9
}
✅ Database connected successfully
Executed query {
  text: 'SELECT id, wallet_address, balance, currency, is_active, created_at, updated_at FROM wallets WHERE user_id = $1',
  duration: 2,
  rows: 2
}
Executed query {
  text: 'SELECT id, wallet_address, balance, currency, is_active, created_at, updated_at FROM wallets WHERE user_id = $1',
  duration: 1,
  rows: 2
}
